{"F:\\SourceCode\\node_practice\\mini-project-test\\app.js": {"path":"F:\\SourceCode\\node_practice\\mini-project-test\\app.js","statementMap":{"0":{"start":{"line":1,"column":16},"end":{"line":1,"column":34}},"1":{"start":{"line":2,"column":21},"end":{"line":2,"column":45}},"2":{"start":{"line":3,"column":15},"end":{"line":3,"column":32}},"3":{"start":{"line":4,"column":13},"end":{"line":4,"column":28}},"4":{"start":{"line":5,"column":16},"end":{"line":5,"column":42}},"5":{"start":{"line":6,"column":17},"end":{"line":6,"column":36}},"6":{"start":{"line":7,"column":15},"end":{"line":7,"column":32}},"7":{"start":{"line":8,"column":17},"end":{"line":8,"column":36}},"8":{"start":{"line":10,"column":0},"end":{"line":10,"column":16}},"9":{"start":{"line":12,"column":19},"end":{"line":12,"column":43}},"10":{"start":{"line":13,"column":19},"end":{"line":13,"column":43}},"11":{"start":{"line":14,"column":19},"end":{"line":14,"column":43}},"12":{"start":{"line":15,"column":19},"end":{"line":15,"column":43}},"13":{"start":{"line":16,"column":23},"end":{"line":16,"column":44}},"14":{"start":{"line":18,"column":22},"end":{"line":18,"column":41}},"15":{"start":{"line":20,"column":12},"end":{"line":20,"column":21}},"16":{"start":{"line":21,"column":0},"end":{"line":21,"column":17}},"17":{"start":{"line":22,"column":0},"end":{"line":22,"column":42}},"18":{"start":{"line":23,"column":0},"end":{"line":23,"column":31}},"19":{"start":{"line":24,"column":0},"end":{"line":27,"column":3}},"20":{"start":{"line":29,"column":0},"end":{"line":34,"column":38}},"21":{"start":{"line":32,"column":4},"end":{"line":32,"column":32}},"22":{"start":{"line":34,"column":18},"end":{"line":34,"column":36}},"23":{"start":{"line":36,"column":0},"end":{"line":36,"column":23}},"24":{"start":{"line":37,"column":0},"end":{"line":37,"column":56}},"25":{"start":{"line":38,"column":0},"end":{"line":38,"column":65}},"26":{"start":{"line":39,"column":0},"end":{"line":39,"column":24}},"27":{"start":{"line":40,"column":0},"end":{"line":44,"column":2}},"28":{"start":{"line":46,"column":0},"end":{"line":46,"column":49}},"29":{"start":{"line":47,"column":0},"end":{"line":57,"column":2}},"30":{"start":{"line":59,"column":0},"end":{"line":59,"column":31}},"31":{"start":{"line":60,"column":0},"end":{"line":60,"column":28}},"32":{"start":{"line":62,"column":0},"end":{"line":62,"column":25}},"33":{"start":{"line":63,"column":0},"end":{"line":63,"column":29}},"34":{"start":{"line":64,"column":0},"end":{"line":64,"column":29}},"35":{"start":{"line":65,"column":0},"end":{"line":65,"column":29}},"36":{"start":{"line":70,"column":0},"end":{"line":74,"column":3}},"37":{"start":{"line":71,"column":16},"end":{"line":71,"column":64}},"38":{"start":{"line":72,"column":2},"end":{"line":72,"column":21}},"39":{"start":{"line":73,"column":2},"end":{"line":73,"column":14}},"40":{"start":{"line":79,"column":0},"end":{"line":86,"column":3}},"41":{"start":{"line":81,"column":2},"end":{"line":81,"column":35}},"42":{"start":{"line":82,"column":2},"end":{"line":82,"column":70}},"43":{"start":{"line":83,"column":2},"end":{"line":83,"column":32}},"44":{"start":{"line":85,"column":2},"end":{"line":85,"column":22}},"45":{"start":{"line":88,"column":0},"end":{"line":88,"column":21}}},"fnMap":{"0":{"name":"(anonymous_0)","decl":{"start":{"line":31,"column":8},"end":{"line":31,"column":9}},"loc":{"start":{"line":31,"column":14},"end":{"line":33,"column":3}},"line":31},"1":{"name":"(anonymous_1)","decl":{"start":{"line":34,"column":9},"end":{"line":34,"column":10}},"loc":{"start":{"line":34,"column":18},"end":{"line":34,"column":36}},"line":34},"2":{"name":"(anonymous_2)","decl":{"start":{"line":70,"column":8},"end":{"line":70,"column":9}},"loc":{"start":{"line":70,"column":28},"end":{"line":74,"column":1}},"line":70},"3":{"name":"(anonymous_3)","decl":{"start":{"line":79,"column":8},"end":{"line":79,"column":9}},"loc":{"start":{"line":79,"column":33},"end":{"line":86,"column":1}},"line":79}},"branchMap":{"0":{"loc":{"start":{"line":22,"column":16},"end":{"line":22,"column":40}},"type":"binary-expr","locations":[{"start":{"line":22,"column":16},"end":{"line":22,"column":32}},{"start":{"line":22,"column":36},"end":{"line":22,"column":40}}],"line":22},"1":{"loc":{"start":{"line":82,"column":21},"end":{"line":82,"column":69}},"type":"cond-expr","locations":[{"start":{"line":82,"column":61},"end":{"line":82,"column":64}},{"start":{"line":82,"column":67},"end":{"line":82,"column":69}}],"line":82},"2":{"loc":{"start":{"line":83,"column":13},"end":{"line":83,"column":30}},"type":"binary-expr","locations":[{"start":{"line":83,"column":13},"end":{"line":83,"column":23}},{"start":{"line":83,"column":27},"end":{"line":83,"column":30}}],"line":83}},"s":{"0":1,"1":1,"2":1,"3":1,"4":1,"5":1,"6":1,"7":1,"8":1,"9":1,"10":1,"11":1,"12":1,"13":1,"14":1,"15":1,"16":1,"17":1,"18":1,"19":1,"20":1,"21":0,"22":1,"23":1,"24":1,"25":1,"26":1,"27":1,"28":1,"29":1,"30":1,"31":1,"32":1,"33":1,"34":1,"35":1,"36":1,"37":0,"38":0,"39":0,"40":1,"41":0,"42":0,"43":0,"44":0,"45":1},"f":{"0":0,"1":1,"2":0,"3":0},"b":{"0":[1,1],"1":[0,0],"2":[0,0]},"_coverageSchema":"1a1c01bbd47fc00a2c39e90264f33305004495a9","hash":"b4af44ee68ecfdc1eec56baec04e79fa331c65a0"}
,"F:\\SourceCode\\node_practice\\mini-project-test\\controllers\\user.js": {"path":"F:\\SourceCode\\node_practice\\mini-project-test\\controllers\\user.js","statementMap":{"0":{"start":{"line":1,"column":13},"end":{"line":1,"column":38}},"1":{"start":{"line":3,"column":0},"end":{"line":20,"column":2}},"2":{"start":{"line":4,"column":2},"end":{"line":19,"column":3}},"3":{"start":{"line":5,"column":17},"end":{"line":9,"column":6}},"4":{"start":{"line":10,"column":4},"end":{"line":15,"column":5}},"5":{"start":{"line":11,"column":6},"end":{"line":11,"column":59}},"6":{"start":{"line":12,"column":6},"end":{"line":12,"column":26}},"7":{"start":{"line":14,"column":6},"end":{"line":14,"column":38}},"8":{"start":{"line":17,"column":4},"end":{"line":17,"column":25}},"9":{"start":{"line":18,"column":4},"end":{"line":18,"column":16}}},"fnMap":{"0":{"name":"(anonymous_0)","decl":{"start":{"line":3,"column":23},"end":{"line":3,"column":24}},"loc":{"start":{"line":3,"column":49},"end":{"line":20,"column":1}},"line":3}},"branchMap":{"0":{"loc":{"start":{"line":10,"column":4},"end":{"line":15,"column":5}},"type":"if","locations":[{"start":{"line":10,"column":4},"end":{"line":15,"column":5}},{"start":{"line":10,"column":4},"end":{"line":15,"column":5}}],"line":10}},"s":{"0":2,"1":2,"2":3,"3":3,"4":2,"5":1,"6":1,"7":1,"8":1,"9":1},"f":{"0":3},"b":{"0":[1,1]},"_coverageSchema":"1a1c01bbd47fc00a2c39e90264f33305004495a9","hash":"8eec8fc8e3dbf253e0ecd6e6ed19f71751bcfee9"}
,"F:\\SourceCode\\node_practice\\mini-project-test\\models\\hashtag.js": {"path":"F:\\SourceCode\\node_practice\\mini-project-test\\models\\hashtag.js","statementMap":{"0":{"start":{"line":1,"column":18},"end":{"line":1,"column":38}},"1":{"start":{"line":3,"column":0},"end":{"line":31,"column":2}},"2":{"start":{"line":5,"column":4},"end":{"line":23,"column":6}},"3":{"start":{"line":27,"column":4},"end":{"line":29,"column":7}}},"fnMap":{"0":{"name":"(anonymous_0)","decl":{"start":{"line":4,"column":2},"end":{"line":4,"column":3}},"loc":{"start":{"line":4,"column":25},"end":{"line":24,"column":3}},"line":4},"1":{"name":"(anonymous_1)","decl":{"start":{"line":26,"column":2},"end":{"line":26,"column":3}},"loc":{"start":{"line":26,"column":23},"end":{"line":30,"column":3}},"line":26}},"branchMap":{},"s":{"0":1,"1":1,"2":1,"3":1},"f":{"0":1,"1":1},"b":{},"_coverageSchema":"1a1c01bbd47fc00a2c39e90264f33305004495a9","hash":"98a28c0ad7c4260ef5b1e30eaa7fa2f6069136bc"}
,"F:\\SourceCode\\node_practice\\mini-project-test\\models\\index.js": {"path":"F:\\SourceCode\\node_practice\\mini-project-test\\models\\index.js","statementMap":{"0":{"start":{"line":1,"column":18},"end":{"line":1,"column":38}},"1":{"start":{"line":2,"column":12},"end":{"line":2,"column":49}},"2":{"start":{"line":3,"column":15},"end":{"line":3,"column":47}},"3":{"start":{"line":5,"column":13},"end":{"line":5,"column":30}},"4":{"start":{"line":6,"column":13},"end":{"line":6,"column":30}},"5":{"start":{"line":7,"column":16},"end":{"line":7,"column":36}},"6":{"start":{"line":9,"column":11},"end":{"line":9,"column":13}},"7":{"start":{"line":10,"column":18},"end":{"line":10,"column":90}},"8":{"start":{"line":12,"column":0},"end":{"line":12,"column":25}},"9":{"start":{"line":13,"column":0},"end":{"line":13,"column":15}},"10":{"start":{"line":14,"column":0},"end":{"line":14,"column":15}},"11":{"start":{"line":15,"column":0},"end":{"line":15,"column":21}},"12":{"start":{"line":17,"column":0},"end":{"line":17,"column":21}},"13":{"start":{"line":18,"column":0},"end":{"line":18,"column":21}},"14":{"start":{"line":19,"column":0},"end":{"line":19,"column":24}},"15":{"start":{"line":21,"column":0},"end":{"line":21,"column":19}},"16":{"start":{"line":22,"column":0},"end":{"line":22,"column":19}},"17":{"start":{"line":23,"column":0},"end":{"line":23,"column":22}},"18":{"start":{"line":25,"column":0},"end":{"line":25,"column":20}}},"fnMap":{},"branchMap":{"0":{"loc":{"start":{"line":2,"column":12},"end":{"line":2,"column":49}},"type":"binary-expr","locations":[{"start":{"line":2,"column":12},"end":{"line":2,"column":32}},{"start":{"line":2,"column":36},"end":{"line":2,"column":49}}],"line":2}},"s":{"0":1,"1":1,"2":1,"3":1,"4":1,"5":1,"6":1,"7":1,"8":1,"9":1,"10":1,"11":1,"12":1,"13":1,"14":1,"15":1,"16":1,"17":1,"18":1},"f":{},"b":{"0":[1,0]},"_coverageSchema":"1a1c01bbd47fc00a2c39e90264f33305004495a9","hash":"bad1826e9da3a09099bed031477a5e9423ccdc53"}
,"F:\\SourceCode\\node_practice\\mini-project-test\\models\\post.js": {"path":"F:\\SourceCode\\node_practice\\mini-project-test\\models\\post.js","statementMap":{"0":{"start":{"line":1,"column":18},"end":{"line":1,"column":38}},"1":{"start":{"line":3,"column":0},"end":{"line":33,"column":2}},"2":{"start":{"line":5,"column":4},"end":{"line":26,"column":6}},"3":{"start":{"line":30,"column":4},"end":{"line":30,"column":31}},"4":{"start":{"line":31,"column":4},"end":{"line":31,"column":66}}},"fnMap":{"0":{"name":"(anonymous_0)","decl":{"start":{"line":4,"column":2},"end":{"line":4,"column":3}},"loc":{"start":{"line":4,"column":25},"end":{"line":27,"column":3}},"line":4},"1":{"name":"(anonymous_1)","decl":{"start":{"line":29,"column":2},"end":{"line":29,"column":3}},"loc":{"start":{"line":29,"column":23},"end":{"line":32,"column":3}},"line":29}},"branchMap":{},"s":{"0":1,"1":1,"2":1,"3":1,"4":1},"f":{"0":1,"1":1},"b":{},"_coverageSchema":"1a1c01bbd47fc00a2c39e90264f33305004495a9","hash":"f98b2d9744d287fd191c2acfaffd7c557ee3d516"}
,"F:\\SourceCode\\node_practice\\mini-project-test\\models\\user.js": {"path":"F:\\SourceCode\\node_practice\\mini-project-test\\models\\user.js","statementMap":{"0":{"start":{"line":1,"column":18},"end":{"line":1,"column":38}},"1":{"start":{"line":3,"column":0},"end":{"line":56,"column":2}},"2":{"start":{"line":5,"column":4},"end":{"line":40,"column":6}},"3":{"start":{"line":44,"column":4},"end":{"line":44,"column":29}},"4":{"start":{"line":45,"column":4},"end":{"line":49,"column":7}},"5":{"start":{"line":50,"column":4},"end":{"line":54,"column":7}}},"fnMap":{"0":{"name":"(anonymous_0)","decl":{"start":{"line":4,"column":2},"end":{"line":4,"column":3}},"loc":{"start":{"line":4,"column":25},"end":{"line":41,"column":3}},"line":4},"1":{"name":"(anonymous_1)","decl":{"start":{"line":43,"column":2},"end":{"line":43,"column":3}},"loc":{"start":{"line":43,"column":23},"end":{"line":55,"column":3}},"line":43}},"branchMap":{},"s":{"0":3,"1":3,"2":2,"3":2,"4":2,"5":2},"f":{"0":2,"1":2},"b":{},"_coverageSchema":"1a1c01bbd47fc00a2c39e90264f33305004495a9","hash":"e724778fb0ef4d7f6d817f9c7d5c664227383df2"}
,"F:\\SourceCode\\node_practice\\mini-project-test\\passport\\index.js": {"path":"F:\\SourceCode\\node_practice\\mini-project-test\\passport\\index.js","statementMap":{"0":{"start":{"line":1,"column":17},"end":{"line":1,"column":36}},"1":{"start":{"line":2,"column":14},"end":{"line":2,"column":40}},"2":{"start":{"line":3,"column":14},"end":{"line":3,"column":40}},"3":{"start":{"line":5,"column":13},"end":{"line":5,"column":38}},"4":{"start":{"line":7,"column":0},"end":{"line":38,"column":2}},"5":{"start":{"line":9,"column":2},"end":{"line":11,"column":5}},"6":{"start":{"line":10,"column":4},"end":{"line":10,"column":24}},"7":{"start":{"line":14,"column":2},"end":{"line":34,"column":5}},"8":{"start":{"line":15,"column":4},"end":{"line":33,"column":34}},"9":{"start":{"line":32,"column":22},"end":{"line":32,"column":38}},"10":{"start":{"line":33,"column":22},"end":{"line":33,"column":32}},"11":{"start":{"line":36,"column":2},"end":{"line":36,"column":10}},"12":{"start":{"line":37,"column":2},"end":{"line":37,"column":10}}},"fnMap":{"0":{"name":"(anonymous_0)","decl":{"start":{"line":7,"column":17},"end":{"line":7,"column":18}},"loc":{"start":{"line":7,"column":23},"end":{"line":38,"column":1}},"line":7},"1":{"name":"(anonymous_1)","decl":{"start":{"line":9,"column":25},"end":{"line":9,"column":26}},"loc":{"start":{"line":9,"column":41},"end":{"line":11,"column":3}},"line":9},"2":{"name":"(anonymous_2)","decl":{"start":{"line":14,"column":27},"end":{"line":14,"column":28}},"loc":{"start":{"line":14,"column":41},"end":{"line":34,"column":3}},"line":14},"3":{"name":"(anonymous_3)","decl":{"start":{"line":32,"column":12},"end":{"line":32,"column":13}},"loc":{"start":{"line":32,"column":22},"end":{"line":32,"column":38}},"line":32},"4":{"name":"(anonymous_4)","decl":{"start":{"line":33,"column":13},"end":{"line":33,"column":14}},"loc":{"start":{"line":33,"column":22},"end":{"line":33,"column":32}},"line":33}},"branchMap":{},"s":{"0":1,"1":1,"2":1,"3":1,"4":1,"5":1,"6":0,"7":1,"8":0,"9":0,"10":0,"11":1,"12":1},"f":{"0":1,"1":0,"2":0,"3":0,"4":0},"b":{},"_coverageSchema":"1a1c01bbd47fc00a2c39e90264f33305004495a9","hash":"003d8b71d194c60ae899962ac2104acce1734ec6"}
,"F:\\SourceCode\\node_practice\\mini-project-test\\passport\\kakaoStrategy.js": {"path":"F:\\SourceCode\\node_practice\\mini-project-test\\passport\\kakaoStrategy.js","statementMap":{"0":{"start":{"line":1,"column":17},"end":{"line":1,"column":36}},"1":{"start":{"line":2,"column":22},"end":{"line":2,"column":56}},"2":{"start":{"line":4,"column":13},"end":{"line":4,"column":38}},"3":{"start":{"line":6,"column":0},"end":{"line":41,"column":2}},"4":{"start":{"line":7,"column":2},"end":{"line":40,"column":4}},"5":{"start":{"line":14,"column":8},"end":{"line":14,"column":46}},"6":{"start":{"line":15,"column":8},"end":{"line":37,"column":9}},"7":{"start":{"line":16,"column":25},"end":{"line":21,"column":12}},"8":{"start":{"line":23,"column":10},"end":{"line":33,"column":11}},"9":{"start":{"line":24,"column":12},"end":{"line":24,"column":31}},"10":{"start":{"line":26,"column":28},"end":{"line":31,"column":14}},"11":{"start":{"line":32,"column":12},"end":{"line":32,"column":32}},"12":{"start":{"line":35,"column":10},"end":{"line":35,"column":31}},"13":{"start":{"line":36,"column":10},"end":{"line":36,"column":22}}},"fnMap":{"0":{"name":"(anonymous_0)","decl":{"start":{"line":6,"column":17},"end":{"line":6,"column":18}},"loc":{"start":{"line":6,"column":23},"end":{"line":41,"column":1}},"line":6},"1":{"name":"(anonymous_1)","decl":{"start":{"line":13,"column":6},"end":{"line":13,"column":7}},"loc":{"start":{"line":13,"column":58},"end":{"line":38,"column":7}},"line":13}},"branchMap":{"0":{"loc":{"start":{"line":23,"column":10},"end":{"line":33,"column":11}},"type":"if","locations":[{"start":{"line":23,"column":10},"end":{"line":33,"column":11}},{"start":{"line":23,"column":10},"end":{"line":33,"column":11}}],"line":23},"1":{"loc":{"start":{"line":27,"column":21},"end":{"line":27,"column":71}},"type":"binary-expr","locations":[{"start":{"line":27,"column":21},"end":{"line":27,"column":34}},{"start":{"line":27,"column":38},"end":{"line":27,"column":71}}],"line":27}},"s":{"0":1,"1":1,"2":1,"3":1,"4":1,"5":0,"6":0,"7":0,"8":0,"9":0,"10":0,"11":0,"12":0,"13":0},"f":{"0":1,"1":0},"b":{"0":[0,0],"1":[0,0]},"_coverageSchema":"1a1c01bbd47fc00a2c39e90264f33305004495a9","hash":"920b39a28526fd7f1fd29a22a85c0ebba296f977"}
,"F:\\SourceCode\\node_practice\\mini-project-test\\passport\\localStrategy.js": {"path":"F:\\SourceCode\\node_practice\\mini-project-test\\passport\\localStrategy.js","statementMap":{"0":{"start":{"line":1,"column":17},"end":{"line":1,"column":36}},"1":{"start":{"line":2,"column":22},"end":{"line":2,"column":56}},"2":{"start":{"line":3,"column":15},"end":{"line":3,"column":32}},"3":{"start":{"line":5,"column":13},"end":{"line":5,"column":38}},"4":{"start":{"line":7,"column":0},"end":{"line":34,"column":2}},"5":{"start":{"line":8,"column":2},"end":{"line":33,"column":4}},"6":{"start":{"line":15,"column":8},"end":{"line":30,"column":9}},"7":{"start":{"line":16,"column":25},"end":{"line":16,"column":65}},"8":{"start":{"line":17,"column":10},"end":{"line":26,"column":11}},"9":{"start":{"line":18,"column":27},"end":{"line":18,"column":74}},"10":{"start":{"line":19,"column":12},"end":{"line":23,"column":13}},"11":{"start":{"line":20,"column":14},"end":{"line":20,"column":33}},"12":{"start":{"line":22,"column":14},"end":{"line":22,"column":65}},"13":{"start":{"line":25,"column":12},"end":{"line":25,"column":61}},"14":{"start":{"line":28,"column":10},"end":{"line":28,"column":31}},"15":{"start":{"line":29,"column":10},"end":{"line":29,"column":22}}},"fnMap":{"0":{"name":"(anonymous_0)","decl":{"start":{"line":7,"column":17},"end":{"line":7,"column":18}},"loc":{"start":{"line":7,"column":23},"end":{"line":34,"column":1}},"line":7},"1":{"name":"(anonymous_1)","decl":{"start":{"line":14,"column":6},"end":{"line":14,"column":7}},"loc":{"start":{"line":14,"column":39},"end":{"line":31,"column":7}},"line":14}},"branchMap":{"0":{"loc":{"start":{"line":17,"column":10},"end":{"line":26,"column":11}},"type":"if","locations":[{"start":{"line":17,"column":10},"end":{"line":26,"column":11}},{"start":{"line":17,"column":10},"end":{"line":26,"column":11}}],"line":17},"1":{"loc":{"start":{"line":19,"column":12},"end":{"line":23,"column":13}},"type":"if","locations":[{"start":{"line":19,"column":12},"end":{"line":23,"column":13}},{"start":{"line":19,"column":12},"end":{"line":23,"column":13}}],"line":19}},"s":{"0":1,"1":1,"2":1,"3":1,"4":1,"5":1,"6":0,"7":0,"8":0,"9":0,"10":0,"11":0,"12":0,"13":0,"14":0,"15":0},"f":{"0":1,"1":0},"b":{"0":[0,0],"1":[0,0]},"_coverageSchema":"1a1c01bbd47fc00a2c39e90264f33305004495a9","hash":"5799539145b46051cfef23fdbfb6ed848d5d9b20"}
,"F:\\SourceCode\\node_practice\\mini-project-test\\routes\\auth.js": {"path":"F:\\SourceCode\\node_practice\\mini-project-test\\routes\\auth.js","statementMap":{"0":{"start":{"line":1,"column":16},"end":{"line":1,"column":34}},"1":{"start":{"line":2,"column":17},"end":{"line":2,"column":36}},"2":{"start":{"line":3,"column":15},"end":{"line":3,"column":32}},"3":{"start":{"line":4,"column":38},"end":{"line":4,"column":62}},"4":{"start":{"line":5,"column":13},"end":{"line":5,"column":38}},"5":{"start":{"line":7,"column":15},"end":{"line":7,"column":31}},"6":{"start":{"line":9,"column":0},"end":{"line":27,"column":3}},"7":{"start":{"line":10,"column":36},"end":{"line":10,"column":44}},"8":{"start":{"line":11,"column":2},"end":{"line":26,"column":3}},"9":{"start":{"line":12,"column":19},"end":{"line":12,"column":59}},"10":{"start":{"line":13,"column":4},"end":{"line":15,"column":5}},"11":{"start":{"line":14,"column":6},"end":{"line":14,"column":47}},"12":{"start":{"line":16,"column":17},"end":{"line":16,"column":48}},"13":{"start":{"line":17,"column":4},"end":{"line":21,"column":7}},"14":{"start":{"line":22,"column":4},"end":{"line":22,"column":29}},"15":{"start":{"line":24,"column":4},"end":{"line":24,"column":25}},"16":{"start":{"line":25,"column":4},"end":{"line":25,"column":23}},"17":{"start":{"line":29,"column":0},"end":{"line":46,"column":3}},"18":{"start":{"line":30,"column":2},"end":{"line":45,"column":21}},"19":{"start":{"line":31,"column":4},"end":{"line":34,"column":5}},"20":{"start":{"line":32,"column":6},"end":{"line":32,"column":31}},"21":{"start":{"line":33,"column":6},"end":{"line":33,"column":29}},"22":{"start":{"line":35,"column":4},"end":{"line":37,"column":5}},"23":{"start":{"line":36,"column":6},"end":{"line":36,"column":58}},"24":{"start":{"line":38,"column":4},"end":{"line":44,"column":7}},"25":{"start":{"line":39,"column":6},"end":{"line":42,"column":7}},"26":{"start":{"line":40,"column":8},"end":{"line":40,"column":34}},"27":{"start":{"line":41,"column":8},"end":{"line":41,"column":32}},"28":{"start":{"line":43,"column":6},"end":{"line":43,"column":31}},"29":{"start":{"line":48,"column":0},"end":{"line":52,"column":3}},"30":{"start":{"line":49,"column":2},"end":{"line":49,"column":15}},"31":{"start":{"line":50,"column":2},"end":{"line":50,"column":24}},"32":{"start":{"line":51,"column":2},"end":{"line":51,"column":20}},"33":{"start":{"line":54,"column":0},"end":{"line":54,"column":53}},"34":{"start":{"line":56,"column":0},"end":{"line":64,"column":2}},"35":{"start":{"line":62,"column":4},"end":{"line":62,"column":22}},"36":{"start":{"line":66,"column":0},"end":{"line":66,"column":24}}},"fnMap":{"0":{"name":"(anonymous_0)","decl":{"start":{"line":9,"column":36},"end":{"line":9,"column":37}},"loc":{"start":{"line":9,"column":62},"end":{"line":27,"column":1}},"line":9},"1":{"name":"(anonymous_1)","decl":{"start":{"line":29,"column":37},"end":{"line":29,"column":38}},"loc":{"start":{"line":29,"column":57},"end":{"line":46,"column":1}},"line":29},"2":{"name":"(anonymous_2)","decl":{"start":{"line":30,"column":33},"end":{"line":30,"column":34}},"loc":{"start":{"line":30,"column":60},"end":{"line":45,"column":3}},"line":30},"3":{"name":"(anonymous_3)","decl":{"start":{"line":38,"column":27},"end":{"line":38,"column":28}},"loc":{"start":{"line":38,"column":43},"end":{"line":44,"column":5}},"line":38},"4":{"name":"(anonymous_4)","decl":{"start":{"line":48,"column":34},"end":{"line":48,"column":35}},"loc":{"start":{"line":48,"column":48},"end":{"line":52,"column":1}},"line":48},"5":{"name":"(anonymous_5)","decl":{"start":{"line":61,"column":2},"end":{"line":61,"column":3}},"loc":{"start":{"line":61,"column":16},"end":{"line":63,"column":3}},"line":61}},"branchMap":{"0":{"loc":{"start":{"line":13,"column":4},"end":{"line":15,"column":5}},"type":"if","locations":[{"start":{"line":13,"column":4},"end":{"line":15,"column":5}},{"start":{"line":13,"column":4},"end":{"line":15,"column":5}}],"line":13},"1":{"loc":{"start":{"line":31,"column":4},"end":{"line":34,"column":5}},"type":"if","locations":[{"start":{"line":31,"column":4},"end":{"line":34,"column":5}},{"start":{"line":31,"column":4},"end":{"line":34,"column":5}}],"line":31},"2":{"loc":{"start":{"line":35,"column":4},"end":{"line":37,"column":5}},"type":"if","locations":[{"start":{"line":35,"column":4},"end":{"line":37,"column":5}},{"start":{"line":35,"column":4},"end":{"line":37,"column":5}}],"line":35},"3":{"loc":{"start":{"line":39,"column":6},"end":{"line":42,"column":7}},"type":"if","locations":[{"start":{"line":39,"column":6},"end":{"line":42,"column":7}},{"start":{"line":39,"column":6},"end":{"line":42,"column":7}}],"line":39}},"s":{"0":1,"1":1,"2":1,"3":1,"4":1,"5":1,"6":1,"7":0,"8":0,"9":0,"10":0,"11":0,"12":0,"13":0,"14":0,"15":0,"16":0,"17":1,"18":0,"19":0,"20":0,"21":0,"22":0,"23":0,"24":0,"25":0,"26":0,"27":0,"28":0,"29":1,"30":0,"31":0,"32":0,"33":1,"34":1,"35":0,"36":1},"f":{"0":0,"1":0,"2":0,"3":0,"4":0,"5":0},"b":{"0":[0,0],"1":[0,0],"2":[0,0],"3":[0,0]},"_coverageSchema":"1a1c01bbd47fc00a2c39e90264f33305004495a9","hash":"ab14ac76eb8e1c0b2f3673997087c4f7642c9ae2"}
,"F:\\SourceCode\\node_practice\\mini-project-test\\routes\\middlewares.js": {"path":"F:\\SourceCode\\node_practice\\mini-project-test\\routes\\middlewares.js","statementMap":{"0":{"start":{"line":1,"column":0},"end":{"line":7,"column":2}},"1":{"start":{"line":2,"column":2},"end":{"line":6,"column":3}},"2":{"start":{"line":3,"column":4},"end":{"line":3,"column":11}},"3":{"start":{"line":5,"column":4},"end":{"line":5,"column":35}},"4":{"start":{"line":9,"column":0},"end":{"line":16,"column":2}},"5":{"start":{"line":10,"column":2},"end":{"line":15,"column":3}},"6":{"start":{"line":11,"column":4},"end":{"line":11,"column":11}},"7":{"start":{"line":13,"column":20},"end":{"line":13,"column":54}},"8":{"start":{"line":14,"column":4},"end":{"line":14,"column":39}}},"fnMap":{"0":{"name":"(anonymous_0)","decl":{"start":{"line":1,"column":21},"end":{"line":1,"column":22}},"loc":{"start":{"line":1,"column":41},"end":{"line":7,"column":1}},"line":1},"1":{"name":"(anonymous_1)","decl":{"start":{"line":9,"column":24},"end":{"line":9,"column":25}},"loc":{"start":{"line":9,"column":44},"end":{"line":16,"column":1}},"line":9}},"branchMap":{"0":{"loc":{"start":{"line":2,"column":2},"end":{"line":6,"column":3}},"type":"if","locations":[{"start":{"line":2,"column":2},"end":{"line":6,"column":3}},{"start":{"line":2,"column":2},"end":{"line":6,"column":3}}],"line":2},"1":{"loc":{"start":{"line":10,"column":2},"end":{"line":15,"column":3}},"type":"if","locations":[{"start":{"line":10,"column":2},"end":{"line":15,"column":3}},{"start":{"line":10,"column":2},"end":{"line":15,"column":3}}],"line":10}},"s":{"0":2,"1":2,"2":1,"3":1,"4":2,"5":2,"6":1,"7":1,"8":1},"f":{"0":2,"1":2},"b":{"0":[1,1],"1":[1,1]},"_coverageSchema":"1a1c01bbd47fc00a2c39e90264f33305004495a9","hash":"cb16b2498a1706931a772498a64aae6516d8e04c"}
,"F:\\SourceCode\\node_practice\\mini-project-test\\routes\\page.js": {"path":"F:\\SourceCode\\node_practice\\mini-project-test\\routes\\page.js","statementMap":{"0":{"start":{"line":1,"column":16},"end":{"line":1,"column":34}},"1":{"start":{"line":2,"column":32},"end":{"line":2,"column":52}},"2":{"start":{"line":3,"column":38},"end":{"line":3,"column":62}},"3":{"start":{"line":5,"column":15},"end":{"line":5,"column":31}},"4":{"start":{"line":7,"column":0},"end":{"line":14,"column":3}},"5":{"start":{"line":8,"column":2},"end":{"line":8,"column":38}},"6":{"start":{"line":9,"column":2},"end":{"line":9,"column":29}},"7":{"start":{"line":10,"column":2},"end":{"line":10,"column":70}},"8":{"start":{"line":11,"column":2},"end":{"line":11,"column":72}},"9":{"start":{"line":12,"column":2},"end":{"line":12,"column":83}},"10":{"start":{"line":12,"column":72},"end":{"line":12,"column":76}},"11":{"start":{"line":13,"column":2},"end":{"line":13,"column":9}},"12":{"start":{"line":16,"column":0},"end":{"line":20,"column":3}},"13":{"start":{"line":17,"column":2},"end":{"line":19,"column":5}},"14":{"start":{"line":22,"column":0},"end":{"line":26,"column":3}},"15":{"start":{"line":23,"column":2},"end":{"line":25,"column":5}},"16":{"start":{"line":28,"column":0},"end":{"line":46,"column":3}},"17":{"start":{"line":29,"column":2},"end":{"line":45,"column":3}},"18":{"start":{"line":30,"column":18},"end":{"line":36,"column":6}},"19":{"start":{"line":38,"column":4},"end":{"line":41,"column":7}},"20":{"start":{"line":43,"column":4},"end":{"line":43,"column":25}},"21":{"start":{"line":44,"column":4},"end":{"line":44,"column":16}},"22":{"start":{"line":48,"column":0},"end":{"line":78,"column":3}},"23":{"start":{"line":49,"column":16},"end":{"line":49,"column":33}},"24":{"start":{"line":50,"column":2},"end":{"line":52,"column":3}},"25":{"start":{"line":51,"column":4},"end":{"line":51,"column":29}},"26":{"start":{"line":53,"column":2},"end":{"line":77,"column":3}},"27":{"start":{"line":54,"column":20},"end":{"line":58,"column":6}},"28":{"start":{"line":59,"column":16},"end":{"line":59,"column":18}},"29":{"start":{"line":60,"column":4},"end":{"line":68,"column":5}},"30":{"start":{"line":61,"column":6},"end":{"line":67,"column":9}},"31":{"start":{"line":70,"column":4},"end":{"line":73,"column":7}},"32":{"start":{"line":75,"column":4},"end":{"line":75,"column":25}},"33":{"start":{"line":76,"column":4},"end":{"line":76,"column":23}},"34":{"start":{"line":80,"column":0},"end":{"line":80,"column":24}}},"fnMap":{"0":{"name":"(anonymous_0)","decl":{"start":{"line":7,"column":11},"end":{"line":7,"column":12}},"loc":{"start":{"line":7,"column":31},"end":{"line":14,"column":1}},"line":7},"1":{"name":"(anonymous_1)","decl":{"start":{"line":12,"column":65},"end":{"line":12,"column":66}},"loc":{"start":{"line":12,"column":72},"end":{"line":12,"column":76}},"line":12},"2":{"name":"(anonymous_2)","decl":{"start":{"line":16,"column":35},"end":{"line":16,"column":36}},"loc":{"start":{"line":16,"column":49},"end":{"line":20,"column":1}},"line":16},"3":{"name":"(anonymous_3)","decl":{"start":{"line":22,"column":35},"end":{"line":22,"column":36}},"loc":{"start":{"line":22,"column":49},"end":{"line":26,"column":1}},"line":22},"4":{"name":"(anonymous_4)","decl":{"start":{"line":28,"column":16},"end":{"line":28,"column":17}},"loc":{"start":{"line":28,"column":42},"end":{"line":46,"column":1}},"line":28},"5":{"name":"(anonymous_5)","decl":{"start":{"line":48,"column":23},"end":{"line":48,"column":24}},"loc":{"start":{"line":48,"column":49},"end":{"line":78,"column":1}},"line":48}},"branchMap":{"0":{"loc":{"start":{"line":10,"column":29},"end":{"line":10,"column":69}},"type":"cond-expr","locations":[{"start":{"line":10,"column":40},"end":{"line":10,"column":65}},{"start":{"line":10,"column":68},"end":{"line":10,"column":69}}],"line":10},"1":{"loc":{"start":{"line":11,"column":30},"end":{"line":11,"column":71}},"type":"cond-expr","locations":[{"start":{"line":11,"column":41},"end":{"line":11,"column":67}},{"start":{"line":11,"column":70},"end":{"line":11,"column":71}}],"line":11},"2":{"loc":{"start":{"line":12,"column":30},"end":{"line":12,"column":82}},"type":"cond-expr","locations":[{"start":{"line":12,"column":41},"end":{"line":12,"column":77}},{"start":{"line":12,"column":80},"end":{"line":12,"column":82}}],"line":12},"3":{"loc":{"start":{"line":50,"column":2},"end":{"line":52,"column":3}},"type":"if","locations":[{"start":{"line":50,"column":2},"end":{"line":52,"column":3}},{"start":{"line":50,"column":2},"end":{"line":52,"column":3}}],"line":50},"4":{"loc":{"start":{"line":60,"column":4},"end":{"line":68,"column":5}},"type":"if","locations":[{"start":{"line":60,"column":4},"end":{"line":68,"column":5}},{"start":{"line":60,"column":4},"end":{"line":68,"column":5}}],"line":60}},"s":{"0":1,"1":1,"2":1,"3":1,"4":1,"5":0,"6":0,"7":0,"8":0,"9":0,"10":0,"11":0,"12":1,"13":0,"14":1,"15":0,"16":1,"17":0,"18":0,"19":0,"20":0,"21":0,"22":1,"23":0,"24":0,"25":0,"26":0,"27":0,"28":0,"29":0,"30":0,"31":0,"32":0,"33":0,"34":1},"f":{"0":0,"1":0,"2":0,"3":0,"4":0,"5":0},"b":{"0":[0,0],"1":[0,0],"2":[0,0],"3":[0,0],"4":[0,0]},"_coverageSchema":"1a1c01bbd47fc00a2c39e90264f33305004495a9","hash":"f0109e17820758b5fc5b68cb7b781bfbf5bdea14"}
,"F:\\SourceCode\\node_practice\\mini-project-test\\routes\\post.js": {"path":"F:\\SourceCode\\node_practice\\mini-project-test\\routes\\post.js","statementMap":{"0":{"start":{"line":1,"column":16},"end":{"line":1,"column":34}},"1":{"start":{"line":2,"column":15},"end":{"line":2,"column":32}},"2":{"start":{"line":3,"column":13},"end":{"line":3,"column":28}},"3":{"start":{"line":4,"column":11},"end":{"line":4,"column":24}},"4":{"start":{"line":5,"column":23},"end":{"line":5,"column":47}},"5":{"start":{"line":6,"column":26},"end":{"line":6,"column":46}},"6":{"start":{"line":8,"column":15},"end":{"line":8,"column":31}},"7":{"start":{"line":11,"column":0},"end":{"line":16,"column":1}},"8":{"start":{"line":12,"column":2},"end":{"line":12,"column":28}},"9":{"start":{"line":14,"column":2},"end":{"line":14,"column":53}},"10":{"start":{"line":15,"column":2},"end":{"line":15,"column":26}},"11":{"start":{"line":18,"column":15},"end":{"line":31,"column":2}},"12":{"start":{"line":21,"column":6},"end":{"line":21,"column":27}},"13":{"start":{"line":24,"column":18},"end":{"line":24,"column":49}},"14":{"start":{"line":25,"column":6},"end":{"line":25,"column":73}},"15":{"start":{"line":34,"column":0},"end":{"line":37,"column":3}},"16":{"start":{"line":35,"column":2},"end":{"line":35,"column":24}},"17":{"start":{"line":36,"column":2},"end":{"line":36,"column":49}},"18":{"start":{"line":39,"column":16},"end":{"line":39,"column":24}},"19":{"start":{"line":42,"column":0},"end":{"line":69,"column":3}},"20":{"start":{"line":43,"column":2},"end":{"line":68,"column":3}},"21":{"start":{"line":44,"column":4},"end":{"line":44,"column":27}},"22":{"start":{"line":45,"column":17},"end":{"line":49,"column":6}},"23":{"start":{"line":51,"column":21},"end":{"line":51,"column":56}},"24":{"start":{"line":52,"column":4},"end":{"line":63,"column":5}},"25":{"start":{"line":53,"column":21},"end":{"line":61,"column":7}},"26":{"start":{"line":55,"column":10},"end":{"line":59,"column":13}},"27":{"start":{"line":62,"column":6},"end":{"line":62,"column":54}},"28":{"start":{"line":62,"column":47},"end":{"line":62,"column":51}},"29":{"start":{"line":64,"column":4},"end":{"line":64,"column":22}},"30":{"start":{"line":66,"column":4},"end":{"line":66,"column":25}},"31":{"start":{"line":67,"column":4},"end":{"line":67,"column":16}},"32":{"start":{"line":71,"column":0},"end":{"line":71,"column":24}}},"fnMap":{"0":{"name":"(anonymous_0)","decl":{"start":{"line":20,"column":4},"end":{"line":20,"column":5}},"loc":{"start":{"line":20,"column":31},"end":{"line":22,"column":5}},"line":20},"1":{"name":"(anonymous_1)","decl":{"start":{"line":23,"column":4},"end":{"line":23,"column":5}},"loc":{"start":{"line":23,"column":28},"end":{"line":26,"column":5}},"line":23},"2":{"name":"(anonymous_2)","decl":{"start":{"line":34,"column":54},"end":{"line":34,"column":55}},"loc":{"start":{"line":34,"column":68},"end":{"line":37,"column":1}},"line":34},"3":{"name":"(anonymous_3)","decl":{"start":{"line":42,"column":45},"end":{"line":42,"column":46}},"loc":{"start":{"line":42,"column":71},"end":{"line":69,"column":1}},"line":42},"4":{"name":"(anonymous_4)","decl":{"start":{"line":54,"column":21},"end":{"line":54,"column":22}},"loc":{"start":{"line":54,"column":30},"end":{"line":60,"column":9}},"line":54},"5":{"name":"(anonymous_5)","decl":{"start":{"line":62,"column":40},"end":{"line":62,"column":41}},"loc":{"start":{"line":62,"column":47},"end":{"line":62,"column":51}},"line":62}},"branchMap":{"0":{"loc":{"start":{"line":52,"column":4},"end":{"line":63,"column":5}},"type":"if","locations":[{"start":{"line":52,"column":4},"end":{"line":63,"column":5}},{"start":{"line":52,"column":4},"end":{"line":63,"column":5}}],"line":52}},"s":{"0":1,"1":1,"2":1,"3":1,"4":1,"5":1,"6":1,"7":1,"8":1,"9":0,"10":0,"11":1,"12":0,"13":0,"14":0,"15":1,"16":0,"17":0,"18":1,"19":1,"20":0,"21":0,"22":0,"23":0,"24":0,"25":0,"26":0,"27":0,"28":0,"29":0,"30":0,"31":0,"32":1},"f":{"0":0,"1":0,"2":0,"3":0,"4":0,"5":0},"b":{"0":[0,0]},"_coverageSchema":"1a1c01bbd47fc00a2c39e90264f33305004495a9","hash":"45e27b12523de8e4b46094b569d9765096ab6ad8"}
,"F:\\SourceCode\\node_practice\\mini-project-test\\routes\\user.js": {"path":"F:\\SourceCode\\node_practice\\mini-project-test\\routes\\user.js","statementMap":{"0":{"start":{"line":1,"column":16},"end":{"line":1,"column":34}},"1":{"start":{"line":2,"column":25},"end":{"line":2,"column":55}},"2":{"start":{"line":3,"column":23},"end":{"line":3,"column":47}},"3":{"start":{"line":5,"column":15},"end":{"line":5,"column":31}},"4":{"start":{"line":7,"column":0},"end":{"line":7,"column":53}},"5":{"start":{"line":9,"column":0},"end":{"line":9,"column":24}}},"fnMap":{},"branchMap":{},"s":{"0":1,"1":1,"2":1,"3":1,"4":1,"5":1},"f":{},"b":{},"_coverageSchema":"1a1c01bbd47fc00a2c39e90264f33305004495a9","hash":"f708d830322f5701cb81795980c6e57b8bf5c5fa"}
}
